{"synthetic": false,
 "schemaVersion": "2025-09-10",
 "outputs":
 {"o": ["cb4fa18db37d099f.olean"],
  "m": false,
  "i": "37e16c1ac1c85694.ilean",
  "c": "6f9160818e615566.c"},
 "log":
 [{"message":
   ".> LEAN_PATH=E:\\_src\\SystemOSIOT\\tools\\lean-verification\\.lake\\build\\lib\\lean c:\\Users\\luyan\\.elan\\toolchains\\leanprover--lean4---v4.31.0\\bin\\lean.exe E:\\_src\\SystemOSIOT\\tools\\lean-verification\\PacketSeqMonotonicity.lean -o E:\\_src\\SystemOSIOT\\tools\\lean-verification\\.lake\\build\\lib\\lean\\PacketSeqMonotonicity.olean -i E:\\_src\\SystemOSIOT\\tools\\lean-verification\\.lake\\build\\lib\\lean\\PacketSeqMonotonicity.ilean -c E:\\_src\\SystemOSIOT\\tools\\lean-verification\\.lake\\build\\ir\\PacketSeqMonotonicity.c --setup E:\\_src\\SystemOSIOT\\tools\\lean-verification\\.lake\\build\\ir\\PacketSeqMonotonicity.setup.json --json",
   "level": "trace"}],
 "inputs":
 [["PacketSeqMonotonicity:deps",
   [["deps",
     [["SystemOSIOTLean/SystemOSIOTLean:extraDep",
       [["@SystemOSIOTLean:extraDep", "00000000000006bb"]]],
      ["imports", "00000000000006bb"]]],
    ["libs",
     [["import dynlibs", "00000000000006bb"],
      ["package external libraries", "00000000000006bb"],
      ["module dynlibs", "00000000000006bb"],
      ["module plugins", "00000000000006bb"]]]]],
  ["Lean 4.31.0, commit 68218e876d2a38b1985b8590fff244a83c321783",
   "fc45ac412f28501c"],
  ["E:\\_src\\SystemOSIOT\\tools\\lean-verification\\PacketSeqMonotonicity.lean",
   "2f464b7af59aba6b"],
  ["options", "00000000000006bb"],
  ["isModule: false", "feefd2a0d3a1847e"],
  ["Module.name: PacketSeqMonotonicity", "967b5ca10bc7e6cd"],
  ["Package.id?: (some SystemOSIOTLean)", "e0f875f4e27642a7"],
  ["Module.leanArgs: #[]", "00000000000006bb"]],
 "depHash": "f0ea0bf7d21d0944"}